<?xml version="1.0" encoding="UTF-8"?>
<testng-results skipped="0" failed="0" ignored="0" total="1" passed="1">
  <reporter-output>
  </reporter-output>
  <suite name="Suite1" duration-ms="1342" started-at="2019-01-08T00:34:15Z" finished-at="2019-01-08T00:34:16Z">
    <groups>
      <group name="cucumber">
        <method signature="AbstractTestNGCucumberTests.feature(cucumber.api.testng.CucumberFeatureWrapper)[pri:0, instance:com.tt.testRunner.TestNGtestrunner@5c3bd550]" name="feature" class="cucumber.api.testng.AbstractTestNGCucumberTests"/>
      </group> <!-- cucumber -->
    </groups>
    <test name="Nopackage" duration-ms="1342" started-at="2019-01-08T00:34:15Z" finished-at="2019-01-08T00:34:16Z">
      <class name="com.tt.testRunner.TestNGtestrunner">
        <test-method status="PASS" signature="setUpClass()[pri:0, instance:com.tt.testRunner.TestNGtestrunner@5c3bd550]" name="setUpClass" is-config="true" duration-ms="690" started-at="2019-01-08T00:34:15Z" finished-at="2019-01-08T00:34:15Z">
          <reporter-output>
          </reporter-output>
        </test-method> <!-- setUpClass -->
        <test-method status="PASS" signature="feature(cucumber.api.testng.CucumberFeatureWrapper)[pri:0, instance:com.tt.testRunner.TestNGtestrunner@5c3bd550]" name="feature" duration-ms="88" started-at="2019-01-08T00:34:16Z" description="Runs Cucumber Feature" data-provider="features" finished-at="2019-01-08T00:34:16Z">
          <params>
            <param index="0">
              <value>
                <![CDATA[user registration to reserve flights]]>
              </value>
            </param>
          </params>
          <reporter-output>
          </reporter-output>
        </test-method> <!-- feature -->
        <test-method status="PASS" signature="tearDownClass()[pri:0, instance:com.tt.testRunner.TestNGtestrunner@5c3bd550]" name="tearDownClass" is-config="true" duration-ms="114" started-at="2019-01-08T00:34:16Z" finished-at="2019-01-08T00:34:16Z">
          <reporter-output>
          </reporter-output>
        </test-method> <!-- tearDownClass -->
      </class> <!-- com.tt.testRunner.TestNGtestrunner -->
    </test> <!-- Nopackage -->
  </suite> <!-- Suite1 -->
</testng-results>
